<?xml version="1.0" encoding="UTF-8"?>
<testng-results ignored="0" total="3" passed="3" failed="0" skipped="0">
  <reporter-output>
  </reporter-output>
  <suite started-at="2022-07-18T15:41:32 IST" name="Suite" finished-at="2022-07-18T15:41:32 IST" duration-ms="61">
    <groups>
      <group name="Sanity">
        <method signature="Test_6.m1()[pri:0, instance:Test_Testng.Test_6@4f6ee6e4]" name="m1" class="Test_Testng.Test_6"/>
      </group> <!-- Sanity -->
      <group name="Regression">
        <method signature="Test_6.m2()[pri:0, instance:Test_Testng.Test_6@4f6ee6e4]" name="m2" class="Test_Testng.Test_6"/>
      </group> <!-- Regression -->
    </groups>
    <test started-at="2022-07-18T15:41:32 IST" name="Test" finished-at="2022-07-18T15:41:32 IST" duration-ms="61">
      <class name="Test_Testng.Test_6">
        <test-method signature="m1()[pri:0, instance:Test_Testng.Test_6@4f6ee6e4]" started-at="2022-07-18T15:41:32 IST" name="m1" finished-at="2022-07-18T15:41:32 IST" duration-ms="10" status="PASS">
          <reporter-output>
          </reporter-output>
        </test-method> <!-- m1 -->
        <test-method signature="m2()[pri:0, instance:Test_Testng.Test_6@4f6ee6e4]" started-at="2022-07-18T15:41:32 IST" name="m2" finished-at="2022-07-18T15:41:32 IST" duration-ms="1" status="PASS">
          <reporter-output>
          </reporter-output>
        </test-method> <!-- m2 -->
        <test-method signature="m3()[pri:0, instance:Test_Testng.Test_6@4f6ee6e4]" started-at="2022-07-18T15:41:32 IST" name="m3" finished-at="2022-07-18T15:41:32 IST" duration-ms="1" status="PASS">
          <reporter-output>
          </reporter-output>
        </test-method> <!-- m3 -->
      </class> <!-- Test_Testng.Test_6 -->
    </test> <!-- Test -->
  </suite> <!-- Suite -->
</testng-results>
